<?xml version="1.0" encoding="UTF-8"?>
<testsuite name="MyFirstProjectTest" tests="1" skipped="0" failures="0" errors="0" timestamp="2025-02-04T07:43:42" hostname="TRAYANA" time="0.037">
  <properties/>
  <testcase name="start" classname="MyFirstProjectTest" time="0.037"/>
  <system-out><![CDATA[?[1;31m
Start test 1?[0m
Earned amount:
Bubblegum: $202
Toffee: $118
Ice cream: $2250
Milk chocolate: $1680
Doughnut: $1075
Pancake: $80
Income: $5405
]]></system-out>
  <system-err><![CDATA[]]></system-err>
</testsuite>
