<?xml version="1.0" encoding="UTF-8"?>
<testsuite name="MyFirstProjectTest" tests="1" skipped="0" failures="0" errors="0" timestamp="2025-02-04T07:10:21" hostname="TRAYANA" time="0.034">
  <properties/>
  <testcase name="start" classname="MyFirstProjectTest" time="0.034"/>
  <system-out><![CDATA[?[1;31m
Start test 1?[0m
Prices:
Bubblegum: $2
Toffee: $0.2
Ice cream: $5
Milk chocolate: $4
Doughnut: $2.5
Pancake: $3.2
]]></system-out>
  <system-err><![CDATA[]]></system-err>
</testsuite>
